W&B offline. Running your script from this directory will only write metadata locally. Use wandb disabled to completely turn off W&B.
W&B disabled.
Starting training run: bert-large-uncased-batch2048-lr1e-4
/linkhome/rech/genzqh01/ubq61ty/.conda/envs/pytorch-gpu-custom/lib/python3.10/site-packages/torch/distributed/launch.py:208: FutureWarning: The module torch.distributed.launch is deprecated
and will be removed in future. Use torchrun.
Note that --use-env is set by default in torchrun.
If your script expects `--local-rank` argument to be set, please
change it to read from `os.environ['LOCAL_RANK']` instead. See 
https://pytorch.org/docs/stable/distributed.html#launch-utility for 
further instructions

  main()
W0619 16:32:03.614000 1293676 /lustre/fswork/projects/rech/ezr/ubq61ty/.conda/envs/pytorch-gpu-custom/lib/python3.10/site-packages/torch/distributed/run.py:793] 
W0619 16:32:03.614000 1293676 /lustre/fswork/projects/rech/ezr/ubq61ty/.conda/envs/pytorch-gpu-custom/lib/python3.10/site-packages/torch/distributed/run.py:793] *****************************************
W0619 16:32:03.614000 1293676 /lustre/fswork/projects/rech/ezr/ubq61ty/.conda/envs/pytorch-gpu-custom/lib/python3.10/site-packages/torch/distributed/run.py:793] Setting OMP_NUM_THREADS environment variable for each process to be 1 in default, to avoid your system being overloaded, please further tune the variable for optimal performance in your application as needed. 
W0619 16:32:03.614000 1293676 /lustre/fswork/projects/rech/ezr/ubq61ty/.conda/envs/pytorch-gpu-custom/lib/python3.10/site-packages/torch/distributed/run.py:793] *****************************************
06/19/2025 16:32:19 - WARNING - __main__ - Process rank: 0, device: cuda:0, n_gpu: 1, distributed training: True, 16-bits training: True
06/19/2025 16:32:19 - INFO - __main__ - Training/evaluation parameters TrainingArguments(
_n_gpu=1,
accelerator_config={'split_batches': False, 'dispatch_batches': None, 'even_batches': True, 'use_seedable_sampler': True, 'non_blocking': False, 'gradient_accumulation_kwargs': None, 'use_configured_state': False},
adafactor=False,
adam_beta1=0.9,
adam_beta2=0.98,
adam_epsilon=1e-06,
auto_find_batch_size=False,
average_tokens_across_devices=False,
batch_eval_metrics=False,
bf16=False,
bf16_full_eval=False,
data_seed=42,
dataloader_drop_last=False,
dataloader_num_workers=8,
dataloader_persistent_workers=False,
dataloader_pin_memory=True,
dataloader_prefetch_factor=None,
ddp_backend=None,
ddp_broadcast_buffers=None,
ddp_bucket_cap_mb=None,
ddp_find_unused_parameters=None,
ddp_timeout=1800,
debug=[],
deepspeed=None,
disable_tqdm=False,
dispatch_batches=None,
do_eval=True,
do_predict=False,
do_train=False,
eval_accumulation_steps=None,
eval_delay=0,
eval_do_concat_batches=True,
eval_on_start=True,
eval_steps=1000,
eval_strategy=steps,
eval_use_gather_object=False,
evaluation_strategy=None,
fp16=True,
fp16_backend=auto,
fp16_full_eval=False,
fp16_opt_level=O1,
fsdp=[],
fsdp_config={'min_num_params': 0, 'xla': False, 'xla_fsdp_v2': False, 'xla_fsdp_grad_ckpt': False},
fsdp_min_num_params=0,
fsdp_transformer_layer_cls_to_wrap=None,
full_determinism=False,
gradient_accumulation_steps=4,
gradient_checkpointing=False,
gradient_checkpointing_kwargs=None,
greater_is_better=None,
group_by_length=False,
half_precision_backend=auto,
hub_always_push=False,
hub_model_id=None,
hub_private_repo=None,
hub_strategy=every_save,
hub_token=<HUB_TOKEN>,
ignore_data_skip=False,
include_for_metrics=[],
include_inputs_for_metrics=False,
include_num_input_tokens_seen=False,
include_tokens_per_second=False,
jit_mode_eval=False,
label_names=None,
label_smoothing_factor=0.0,
learning_rate=0.0001,
length_column_name=length,
load_best_model_at_end=False,
local_rank=0,
log_level=detail,
log_level_replica=warning,
log_on_each_node=True,
logging_dir=logs/bert-large-uncased-batch2048-lr1e-4/,
logging_first_step=False,
logging_nan_inf_filter=True,
logging_steps=500,
logging_strategy=steps,
lr_scheduler_kwargs={},
lr_scheduler_type=linear,
max_grad_norm=1.0,
max_steps=150000,
metric_for_best_model=None,
mp_parameters=,
neftune_noise_alpha=None,
no_cuda=False,
num_train_epochs=3.0,
optim=adamw_torch,
optim_args=None,
optim_target_modules=None,
output_dir=logs/bert-large-uncased-batch2048-lr1e-4/,
overwrite_output_dir=False,
past_index=-1,
per_device_eval_batch_size=64,
per_device_train_batch_size=64,
prediction_loss_only=False,
push_to_hub=False,
push_to_hub_model_id=None,
push_to_hub_organization=None,
push_to_hub_token=<PUSH_TO_HUB_TOKEN>,
ray_scope=last,
remove_unused_columns=True,
report_to=['wandb'],
restore_callback_states_from_checkpoint=False,
resume_from_checkpoint=None,
run_name=bert-large-uncased-batch2048-lr1e-4,
save_on_each_node=False,
save_only_model=False,
save_safetensors=True,
save_steps=20000,
save_strategy=steps,
save_total_limit=1,
seed=42,
skip_memory_metrics=True,
split_batches=None,
tf32=None,
torch_compile=False,
torch_compile_backend=None,
torch_compile_mode=None,
torch_empty_cache_steps=None,
torchdynamo=None,
tpu_metrics_debug=False,
tpu_num_cores=None,
use_cpu=False,
use_ipex=False,
use_legacy_prediction_loop=False,
use_liger_kernel=False,
use_mps_device=False,
warmup_ratio=0.0,
warmup_steps=10000,
weight_decay=0.01,
)
Using custom data configuration default-dfadf533d9911a46
06/19/2025 16:32:19 - INFO - datasets.builder - Using custom data configuration default-dfadf533d9911a46
Loading Dataset Infos from /linkhome/rech/genzqh01/ubq61ty/.conda/envs/pytorch-gpu-custom/lib/python3.10/site-packages/datasets/packaged_modules/csv
06/19/2025 16:32:19 - INFO - datasets.info - Loading Dataset Infos from /linkhome/rech/genzqh01/ubq61ty/.conda/envs/pytorch-gpu-custom/lib/python3.10/site-packages/datasets/packaged_modules/csv
06/19/2025 16:32:19 - WARNING - __main__ - Process rank: 7, device: cuda:7, n_gpu: 1, distributed training: True, 16-bits training: True
Generating dataset csv (/lustre/fswork/projects/rech/ezr/ubq61ty/Perplexity/cache/bert-large-uncased-batch2048-lr1e-4/csv/default-dfadf533d9911a46/0.0.0/9ea1179385ff7ad1e756d327ffccaa3b801175702a2d91528226ba2c66873f52)
06/19/2025 16:32:19 - INFO - datasets.builder - Generating dataset csv (/lustre/fswork/projects/rech/ezr/ubq61ty/Perplexity/cache/bert-large-uncased-batch2048-lr1e-4/csv/default-dfadf533d9911a46/0.0.0/9ea1179385ff7ad1e756d327ffccaa3b801175702a2d91528226ba2c66873f52)
Downloading and preparing dataset csv/default to /lustre/fswork/projects/rech/ezr/ubq61ty/Perplexity/cache/bert-large-uncased-batch2048-lr1e-4/csv/default-dfadf533d9911a46/0.0.0/9ea1179385ff7ad1e756d327ffccaa3b801175702a2d91528226ba2c66873f52...
06/19/2025 16:32:19 - INFO - datasets.builder - Downloading and preparing dataset csv/default to /lustre/fswork/projects/rech/ezr/ubq61ty/Perplexity/cache/bert-large-uncased-batch2048-lr1e-4/csv/default-dfadf533d9911a46/0.0.0/9ea1179385ff7ad1e756d327ffccaa3b801175702a2d91528226ba2c66873f52...
Downloading took 0.0 min
06/19/2025 16:32:19 - INFO - datasets.download.download_manager - Downloading took 0.0 min
Checksum Computation took 0.0 min
06/19/2025 16:32:19 - INFO - datasets.download.download_manager - Checksum Computation took 0.0 min
Generating train split
06/19/2025 16:32:19 - INFO - datasets.builder - Generating train split
Generating train split: 0 examples [00:00, ? examples/s]06/19/2025 16:32:19 - WARNING - __main__ - Process rank: 2, device: cuda:2, n_gpu: 1, distributed training: True, 16-bits training: True
06/19/2025 16:32:19 - WARNING - __main__ - Process rank: 3, device: cuda:3, n_gpu: 1, distributed training: True, 16-bits training: True
06/19/2025 16:32:19 - WARNING - __main__ - Process rank: 5, device: cuda:5, n_gpu: 1, distributed training: True, 16-bits training: True
Done writing 2099 examples in 6033857 bytes /lustre/fswork/projects/rech/ezr/ubq61ty/Perplexity/cache/bert-large-uncased-batch2048-lr1e-4/csv/default-dfadf533d9911a46/0.0.0/9ea1179385ff7ad1e756d327ffccaa3b801175702a2d91528226ba2c66873f52.incomplete/csv-train-00000-00000-of-NNNNN.arrow.
06/19/2025 16:32:19 - DEBUG - datasets.arrow_writer - Done writing 2099 examples in 6033857 bytes /lustre/fswork/projects/rech/ezr/ubq61ty/Perplexity/cache/bert-large-uncased-batch2048-lr1e-4/csv/default-dfadf533d9911a46/0.0.0/9ea1179385ff7ad1e756d327ffccaa3b801175702a2d91528226ba2c66873f52.incomplete/csv-train-00000-00000-of-NNNNN.arrow.
Generating train split: 2099 examples [00:00, 30761.16 examples/s]
Renaming 1 shards.
06/19/2025 16:32:19 - DEBUG - datasets.builder - Renaming 1 shards.
Generating validation split
06/19/2025 16:32:19 - INFO - datasets.builder - Generating validation split
Generating validation split: 0 examples [00:00, ? examples/s]06/19/2025 16:32:19 - WARNING - __main__ - Process rank: 1, device: cuda:1, n_gpu: 1, distributed training: True, 16-bits training: True
Done writing 2099 examples in 6033857 bytes /lustre/fswork/projects/rech/ezr/ubq61ty/Perplexity/cache/bert-large-uncased-batch2048-lr1e-4/csv/default-dfadf533d9911a46/0.0.0/9ea1179385ff7ad1e756d327ffccaa3b801175702a2d91528226ba2c66873f52.incomplete/csv-validation-00000-00000-of-NNNNN.arrow.
06/19/2025 16:32:19 - DEBUG - datasets.arrow_writer - Done writing 2099 examples in 6033857 bytes /lustre/fswork/projects/rech/ezr/ubq61ty/Perplexity/cache/bert-large-uncased-batch2048-lr1e-4/csv/default-dfadf533d9911a46/0.0.0/9ea1179385ff7ad1e756d327ffccaa3b801175702a2d91528226ba2c66873f52.incomplete/csv-validation-00000-00000-of-NNNNN.arrow.
Generating validation split: 2099 examples [00:00, 35017.88 examples/s]
Renaming 1 shards.
06/19/2025 16:32:19 - DEBUG - datasets.builder - Renaming 1 shards.
06/19/2025 16:32:19 - WARNING - __main__ - Process rank: 6, device: cuda:6, n_gpu: 1, distributed training: True, 16-bits training: True
Unable to verify splits sizes.
06/19/2025 16:32:19 - INFO - datasets.utils.info_utils - Unable to verify splits sizes.
06/19/2025 16:32:19 - WARNING - __main__ - Process rank: 4, device: cuda:4, n_gpu: 1, distributed training: True, 16-bits training: True
Dataset csv downloaded and prepared to /lustre/fswork/projects/rech/ezr/ubq61ty/Perplexity/cache/bert-large-uncased-batch2048-lr1e-4/csv/default-dfadf533d9911a46/0.0.0/9ea1179385ff7ad1e756d327ffccaa3b801175702a2d91528226ba2c66873f52. Subsequent calls will reuse this data.
06/19/2025 16:32:19 - INFO - datasets.builder - Dataset csv downloaded and prepared to /lustre/fswork/projects/rech/ezr/ubq61ty/Perplexity/cache/bert-large-uncased-batch2048-lr1e-4/csv/default-dfadf533d9911a46/0.0.0/9ea1179385ff7ad1e756d327ffccaa3b801175702a2d91528226ba2c66873f52. Subsequent calls will reuse this data.
Constructing Dataset for split train, validation, from /lustre/fswork/projects/rech/ezr/ubq61ty/Perplexity/cache/bert-large-uncased-batch2048-lr1e-4/csv/default-dfadf533d9911a46/0.0.0/9ea1179385ff7ad1e756d327ffccaa3b801175702a2d91528226ba2c66873f52
06/19/2025 16:32:19 - DEBUG - datasets.builder - Constructing Dataset for split train, validation, from /lustre/fswork/projects/rech/ezr/ubq61ty/Perplexity/cache/bert-large-uncased-batch2048-lr1e-4/csv/default-dfadf533d9911a46/0.0.0/9ea1179385ff7ad1e756d327ffccaa3b801175702a2d91528226ba2c66873f52
[INFO|configuration_utils.py:694] 2025-06-19 16:32:19,861 >> loading configuration file /lustre/fsmisc/dataset/HuggingFace_Models/bert-large-uncased/config.json
[INFO|configuration_utils.py:768] 2025-06-19 16:32:19,862 >> Model config BertConfig {
  "_name_or_path": "/lustre/fsmisc/dataset/HuggingFace_Models/bert-large-uncased",
  "architectures": [
    "BertModel"
  ],
  "attention_probs_dropout_prob": 0.1,
  "classifier_dropout": null,
  "gradient_checkpointing": false,
  "hidden_act": "gelu",
  "hidden_dropout_prob": 0.1,
  "hidden_size": 1024,
  "initializer_range": 0.02,
  "intermediate_size": 4096,
  "layer_norm_eps": 1e-12,
  "max_position_embeddings": 512,
  "model_type": "bert",
  "num_attention_heads": 16,
  "num_hidden_layers": 24,
  "pad_token_id": 0,
  "position_embedding_type": "absolute",
  "torch_dtype": "float32",
  "transformers_version": "4.49.0.dev0",
  "type_vocab_size": 2,
  "use_cache": true,
  "vocab_size": 30522
}

06/19/2025 16:32:19 - INFO - __main__ - Loading tokenizer using model_name_or_path from /lustre/fsmisc/dataset/HuggingFace_Models/bert-large-uncased.
[INFO|tokenization_utils_base.py:2032] 2025-06-19 16:32:19,868 >> loading file vocab.txt
[INFO|tokenization_utils_base.py:2032] 2025-06-19 16:32:19,868 >> loading file tokenizer.json
[INFO|tokenization_utils_base.py:2032] 2025-06-19 16:32:19,868 >> loading file added_tokens.json
[INFO|tokenization_utils_base.py:2032] 2025-06-19 16:32:19,868 >> loading file special_tokens_map.json
[INFO|tokenization_utils_base.py:2032] 2025-06-19 16:32:19,868 >> loading file tokenizer_config.json
[INFO|tokenization_utils_base.py:2032] 2025-06-19 16:32:19,868 >> loading file chat_template.jinja
[INFO|modeling_utils.py:3914] 2025-06-19 16:32:19,901 >> loading weights file /lustre/fsmisc/dataset/HuggingFace_Models/bert-large-uncased/pytorch_model.bin
[WARNING|logging.py:328] 2025-06-19 16:32:21,157 >> BertForMaskedLM has generative capabilities, as `prepare_inputs_for_generation` is explicitly overwritten. However, it doesn't directly inherit from `GenerationMixin`. From ðŸ‘‰v4.50ðŸ‘ˆ onwards, `PreTrainedModel` will NOT inherit from `GenerationMixin`, and this model will lose the ability to call `generate` and other related functions.
  - If you're using `trust_remote_code=True`, you can get rid of this warning by loading the model with an auto class. See https://huggingface.co/docs/transformers/en/model_doc/auto#auto-classes
  - If you are the owner of the model architecture code, please modify your model class such that it inherits from `GenerationMixin` (after `PreTrainedModel`, otherwise you'll get an exception).
  - If you are not the owner of the model architecture class, please contact the model code owner to update it.
[WARNING|logging.py:328] 2025-06-19 16:32:21,157 >> BertForMaskedLM has generative capabilities, as `prepare_inputs_for_generation` is explicitly overwritten. However, it doesn't directly inherit from `GenerationMixin`. From ðŸ‘‰v4.50ðŸ‘ˆ onwards, `PreTrainedModel` will NOT inherit from `GenerationMixin`, and this model will lose the ability to call `generate` and other related functions.
  - If you're using `trust_remote_code=True`, you can get rid of this warning by loading the model with an auto class. See https://huggingface.co/docs/transformers/en/model_doc/auto#auto-classes
  - If you are the owner of the model architecture code, please modify your model class such that it inherits from `GenerationMixin` (after `PreTrainedModel`, otherwise you'll get an exception).
  - If you are not the owner of the model architecture class, please contact the model code owner to update it.
[WARNING|logging.py:328] 2025-06-19 16:32:21,158 >> BertForMaskedLM has generative capabilities, as `prepare_inputs_for_generation` is explicitly overwritten. However, it doesn't directly inherit from `GenerationMixin`. From ðŸ‘‰v4.50ðŸ‘ˆ onwards, `PreTrainedModel` will NOT inherit from `GenerationMixin`, and this model will lose the ability to call `generate` and other related functions.
  - If you're using `trust_remote_code=True`, you can get rid of this warning by loading the model with an auto class. See https://huggingface.co/docs/transformers/en/model_doc/auto#auto-classes
  - If you are the owner of the model architecture code, please modify your model class such that it inherits from `GenerationMixin` (after `PreTrainedModel`, otherwise you'll get an exception).
  - If you are not the owner of the model architecture class, please contact the model code owner to update it.
[WARNING|logging.py:328] 2025-06-19 16:32:21,158 >> BertForMaskedLM has generative capabilities, as `prepare_inputs_for_generation` is explicitly overwritten. However, it doesn't directly inherit from `GenerationMixin`. From ðŸ‘‰v4.50ðŸ‘ˆ onwards, `PreTrainedModel` will NOT inherit from `GenerationMixin`, and this model will lose the ability to call `generate` and other related functions.
  - If you're using `trust_remote_code=True`, you can get rid of this warning by loading the model with an auto class. See https://huggingface.co/docs/transformers/en/model_doc/auto#auto-classes
  - If you are the owner of the model architecture code, please modify your model class such that it inherits from `GenerationMixin` (after `PreTrainedModel`, otherwise you'll get an exception).
  - If you are not the owner of the model architecture class, please contact the model code owner to update it.
[WARNING|logging.py:328] 2025-06-19 16:32:21,158 >> BertForMaskedLM has generative capabilities, as `prepare_inputs_for_generation` is explicitly overwritten. However, it doesn't directly inherit from `GenerationMixin`. From ðŸ‘‰v4.50ðŸ‘ˆ onwards, `PreTrainedModel` will NOT inherit from `GenerationMixin`, and this model will lose the ability to call `generate` and other related functions.
  - If you're using `trust_remote_code=True`, you can get rid of this warning by loading the model with an auto class. See https://huggingface.co/docs/transformers/en/model_doc/auto#auto-classes
  - If you are the owner of the model architecture code, please modify your model class such that it inherits from `GenerationMixin` (after `PreTrainedModel`, otherwise you'll get an exception).
  - If you are not the owner of the model architecture class, please contact the model code owner to update it.
[WARNING|logging.py:328] 2025-06-19 16:32:21,158 >> BertForMaskedLM has generative capabilities, as `prepare_inputs_for_generation` is explicitly overwritten. However, it doesn't directly inherit from `GenerationMixin`. From ðŸ‘‰v4.50ðŸ‘ˆ onwards, `PreTrainedModel` will NOT inherit from `GenerationMixin`, and this model will lose the ability to call `generate` and other related functions.
  - If you're using `trust_remote_code=True`, you can get rid of this warning by loading the model with an auto class. See https://huggingface.co/docs/transformers/en/model_doc/auto#auto-classes
  - If you are the owner of the model architecture code, please modify your model class such that it inherits from `GenerationMixin` (after `PreTrainedModel`, otherwise you'll get an exception).
  - If you are not the owner of the model architecture class, please contact the model code owner to update it.
[INFO|configuration_utils.py:1138] 2025-06-19 16:32:21,158 >> Generate config GenerationConfig {
  "pad_token_id": 0
}

[WARNING|logging.py:328] 2025-06-19 16:32:21,158 >> BertForMaskedLM has generative capabilities, as `prepare_inputs_for_generation` is explicitly overwritten. However, it doesn't directly inherit from `GenerationMixin`. From ðŸ‘‰v4.50ðŸ‘ˆ onwards, `PreTrainedModel` will NOT inherit from `GenerationMixin`, and this model will lose the ability to call `generate` and other related functions.
  - If you're using `trust_remote_code=True`, you can get rid of this warning by loading the model with an auto class. See https://huggingface.co/docs/transformers/en/model_doc/auto#auto-classes
  - If you are the owner of the model architecture code, please modify your model class such that it inherits from `GenerationMixin` (after `PreTrainedModel`, otherwise you'll get an exception).
  - If you are not the owner of the model architecture class, please contact the model code owner to update it.
[WARNING|logging.py:328] 2025-06-19 16:32:21,158 >> BertForMaskedLM has generative capabilities, as `prepare_inputs_for_generation` is explicitly overwritten. However, it doesn't directly inherit from `GenerationMixin`. From ðŸ‘‰v4.50ðŸ‘ˆ onwards, `PreTrainedModel` will NOT inherit from `GenerationMixin`, and this model will lose the ability to call `generate` and other related functions.
  - If you're using `trust_remote_code=True`, you can get rid of this warning by loading the model with an auto class. See https://huggingface.co/docs/transformers/en/model_doc/auto#auto-classes
  - If you are the owner of the model architecture code, please modify your model class such that it inherits from `GenerationMixin` (after `PreTrainedModel`, otherwise you'll get an exception).
  - If you are not the owner of the model architecture class, please contact the model code owner to update it.
[INFO|modeling_utils.py:4904] 2025-06-19 16:32:21,361 >> Some weights of the model checkpoint at /lustre/fsmisc/dataset/HuggingFace_Models/bert-large-uncased were not used when initializing BertForMaskedLM: ['pooler.dense.bias', 'pooler.dense.weight']
- This IS expected if you are initializing BertForMaskedLM from the checkpoint of a model trained on another task or with another architecture (e.g. initializing a BertForSequenceClassification model from a BertForPreTraining model).
- This IS NOT expected if you are initializing BertForMaskedLM from the checkpoint of a model that you expect to be exactly identical (initializing a BertForSequenceClassification model from a BertForSequenceClassification model).
[WARNING|modeling_utils.py:4916] 2025-06-19 16:32:21,362 >> Some weights of BertForMaskedLM were not initialized from the model checkpoint at /lustre/fsmisc/dataset/HuggingFace_Models/bert-large-uncased and are newly initialized: ['cls.predictions.bias', 'cls.predictions.decoder.bias', 'cls.predictions.transform.LayerNorm.bias', 'cls.predictions.transform.LayerNorm.weight', 'cls.predictions.transform.dense.bias', 'cls.predictions.transform.dense.weight']
You should probably TRAIN this model on a down-stream task to be able to use it for predictions and inference.
[INFO|modeling_utils.py:4310] 2025-06-19 16:32:21,365 >> Generation config file not found, using a generation config created from the model config.
Process #0 will write at /lustre/fswork/projects/rech/ezr/ubq61ty/Perplexity/cache/bert-large-uncased-batch2048-lr1e-4/csv/default-dfadf533d9911a46/0.0.0/9ea1179385ff7ad1e756d327ffccaa3b801175702a2d91528226ba2c66873f52/cache-0067cd5d5a397900_00000_of_00004.arrow
06/19/2025 16:32:21 - INFO - datasets.arrow_dataset - Process #0 will write at /lustre/fswork/projects/rech/ezr/ubq61ty/Perplexity/cache/bert-large-uncased-batch2048-lr1e-4/csv/default-dfadf533d9911a46/0.0.0/9ea1179385ff7ad1e756d327ffccaa3b801175702a2d91528226ba2c66873f52/cache-0067cd5d5a397900_00000_of_00004.arrow
Process #1 will write at /lustre/fswork/projects/rech/ezr/ubq61ty/Perplexity/cache/bert-large-uncased-batch2048-lr1e-4/csv/default-dfadf533d9911a46/0.0.0/9ea1179385ff7ad1e756d327ffccaa3b801175702a2d91528226ba2c66873f52/cache-0067cd5d5a397900_00001_of_00004.arrow
06/19/2025 16:32:21 - INFO - datasets.arrow_dataset - Process #1 will write at /lustre/fswork/projects/rech/ezr/ubq61ty/Perplexity/cache/bert-large-uncased-batch2048-lr1e-4/csv/default-dfadf533d9911a46/0.0.0/9ea1179385ff7ad1e756d327ffccaa3b801175702a2d91528226ba2c66873f52/cache-0067cd5d5a397900_00001_of_00004.arrow
Process #2 will write at /lustre/fswork/projects/rech/ezr/ubq61ty/Perplexity/cache/bert-large-uncased-batch2048-lr1e-4/csv/default-dfadf533d9911a46/0.0.0/9ea1179385ff7ad1e756d327ffccaa3b801175702a2d91528226ba2c66873f52/cache-0067cd5d5a397900_00002_of_00004.arrow
06/19/2025 16:32:21 - INFO - datasets.arrow_dataset - Process #2 will write at /lustre/fswork/projects/rech/ezr/ubq61ty/Perplexity/cache/bert-large-uncased-batch2048-lr1e-4/csv/default-dfadf533d9911a46/0.0.0/9ea1179385ff7ad1e756d327ffccaa3b801175702a2d91528226ba2c66873f52/cache-0067cd5d5a397900_00002_of_00004.arrow
Process #3 will write at /lustre/fswork/projects/rech/ezr/ubq61ty/Perplexity/cache/bert-large-uncased-batch2048-lr1e-4/csv/default-dfadf533d9911a46/0.0.0/9ea1179385ff7ad1e756d327ffccaa3b801175702a2d91528226ba2c66873f52/cache-0067cd5d5a397900_00003_of_00004.arrow
06/19/2025 16:32:21 - INFO - datasets.arrow_dataset - Process #3 will write at /lustre/fswork/projects/rech/ezr/ubq61ty/Perplexity/cache/bert-large-uncased-batch2048-lr1e-4/csv/default-dfadf533d9911a46/0.0.0/9ea1179385ff7ad1e756d327ffccaa3b801175702a2d91528226ba2c66873f52/cache-0067cd5d5a397900_00003_of_00004.arrow
Spawning 4 processes
06/19/2025 16:32:21 - INFO - datasets.arrow_dataset - Spawning 4 processes
Running tokenizer on dataset line_by_line (num_proc=4):   0%|          | 0/2099 [00:00<?, ? examples/s][WARNING|modeling_utils.py:4916] 2025-06-19 16:32:21,498 >> Some weights of BertForMaskedLM were not initialized from the model checkpoint at /lustre/fsmisc/dataset/HuggingFace_Models/bert-large-uncased and are newly initialized: ['cls.predictions.bias', 'cls.predictions.decoder.bias', 'cls.predictions.transform.LayerNorm.bias', 'cls.predictions.transform.LayerNorm.weight', 'cls.predictions.transform.dense.bias', 'cls.predictions.transform.dense.weight']
You should probably TRAIN this model on a down-stream task to be able to use it for predictions and inference.
Set __getitem__(key) output type to arrow for no columns  (when key is int or slice) and don't output other (un-formatted) columns.
06/19/2025 16:32:21 - DEBUG - datasets.arrow_dataset - Set __getitem__(key) output type to arrow for no columns  (when key is int or slice) and don't output other (un-formatted) columns.
Set __getitem__(key) output type to arrow for no columns  (when key is int or slice) and don't output other (un-formatted) columns.
06/19/2025 16:32:21 - DEBUG - datasets.arrow_dataset - Set __getitem__(key) output type to arrow for no columns  (when key is int or slice) and don't output other (un-formatted) columns.
[rank2]:[W619 16:32:21.293920341 ProcessGroupNCCL.cpp:4115] [PG ID 0 PG GUID 0 Rank 2]  using GPU 2 to perform barrier as devices used by this process are currently unknown. This can potentially cause a hang if this rank to GPU mapping is incorrect.Specify device_ids in barrier() to force use of a particular device,or call init_process_group() with a device_id.
Set __getitem__(key) output type to arrow for no columns  (when key is int or slice) and don't output other (un-formatted) columns.
06/19/2025 16:32:21 - DEBUG - datasets.arrow_dataset - Set __getitem__(key) output type to arrow for no columns  (when key is int or slice) and don't output other (un-formatted) columns.
Set __getitem__(key) output type to arrow for no columns  (when key is int or slice) and don't output other (un-formatted) columns.
06/19/2025 16:32:21 - DEBUG - datasets.arrow_dataset - Set __getitem__(key) output type to arrow for no columns  (when key is int or slice) and don't output other (un-formatted) columns.
[WARNING|modeling_utils.py:4916] 2025-06-19 16:32:21,528 >> Some weights of BertForMaskedLM were not initialized from the model checkpoint at /lustre/fsmisc/dataset/HuggingFace_Models/bert-large-uncased and are newly initialized: ['cls.predictions.bias', 'cls.predictions.decoder.bias', 'cls.predictions.transform.LayerNorm.bias', 'cls.predictions.transform.LayerNorm.weight', 'cls.predictions.transform.dense.bias', 'cls.predictions.transform.dense.weight']
You should probably TRAIN this model on a down-stream task to be able to use it for predictions and inference.
[WARNING|modeling_utils.py:4916] 2025-06-19 16:32:21,529 >> Some weights of BertForMaskedLM were not initialized from the model checkpoint at /lustre/fsmisc/dataset/HuggingFace_Models/bert-large-uncased and are newly initialized: ['cls.predictions.bias', 'cls.predictions.decoder.bias', 'cls.predictions.transform.LayerNorm.bias', 'cls.predictions.transform.LayerNorm.weight', 'cls.predictions.transform.dense.bias', 'cls.predictions.transform.dense.weight']
You should probably TRAIN this model on a down-stream task to be able to use it for predictions and inference.
[rank1]:[W619 16:32:21.323886187 ProcessGroupNCCL.cpp:4115] [PG ID 0 PG GUID 0 Rank 1]  using GPU 1 to perform barrier as devices used by this process are currently unknown. This can potentially cause a hang if this rank to GPU mapping is incorrect.Specify device_ids in barrier() to force use of a particular device,or call init_process_group() with a device_id.
[rank4]:[W619 16:32:21.324269501 ProcessGroupNCCL.cpp:4115] [PG ID 0 PG GUID 0 Rank 4]  using GPU 4 to perform barrier as devices used by this process are currently unknown. This can potentially cause a hang if this rank to GPU mapping is incorrect.Specify device_ids in barrier() to force use of a particular device,or call init_process_group() with a device_id.
[WARNING|modeling_utils.py:4916] 2025-06-19 16:32:21,537 >> Some weights of BertForMaskedLM were not initialized from the model checkpoint at /lustre/fsmisc/dataset/HuggingFace_Models/bert-large-uncased and are newly initialized: ['cls.predictions.bias', 'cls.predictions.decoder.bias', 'cls.predictions.transform.LayerNorm.bias', 'cls.predictions.transform.LayerNorm.weight', 'cls.predictions.transform.dense.bias', 'cls.predictions.transform.dense.weight']
You should probably TRAIN this model on a down-stream task to be able to use it for predictions and inference.
[WARNING|modeling_utils.py:4916] 2025-06-19 16:32:21,543 >> Some weights of BertForMaskedLM were not initialized from the model checkpoint at /lustre/fsmisc/dataset/HuggingFace_Models/bert-large-uncased and are newly initialized: ['cls.predictions.bias', 'cls.predictions.decoder.bias', 'cls.predictions.transform.LayerNorm.bias', 'cls.predictions.transform.LayerNorm.weight', 'cls.predictions.transform.dense.bias', 'cls.predictions.transform.dense.weight']
You should probably TRAIN this model on a down-stream task to be able to use it for predictions and inference.
[rank6]:[W619 16:32:21.333264892 ProcessGroupNCCL.cpp:4115] [PG ID 0 PG GUID 0 Rank 6]  using GPU 6 to perform barrier as devices used by this process are currently unknown. This can potentially cause a hang if this rank to GPU mapping is incorrect.Specify device_ids in barrier() to force use of a particular device,or call init_process_group() with a device_id.
[WARNING|modeling_utils.py:4916] 2025-06-19 16:32:21,549 >> Some weights of BertForMaskedLM were not initialized from the model checkpoint at /lustre/fsmisc/dataset/HuggingFace_Models/bert-large-uncased and are newly initialized: ['cls.predictions.bias', 'cls.predictions.decoder.bias', 'cls.predictions.transform.LayerNorm.bias', 'cls.predictions.transform.LayerNorm.weight', 'cls.predictions.transform.dense.bias', 'cls.predictions.transform.dense.weight']
You should probably TRAIN this model on a down-stream task to be able to use it for predictions and inference.
[rank5]:[W619 16:32:21.338575242 ProcessGroupNCCL.cpp:4115] [PG ID 0 PG GUID 0 Rank 5]  using GPU 5 to perform barrier as devices used by this process are currently unknown. This can potentially cause a hang if this rank to GPU mapping is incorrect.Specify device_ids in barrier() to force use of a particular device,or call init_process_group() with a device_id.
[WARNING|modeling_utils.py:4916] 2025-06-19 16:32:21,553 >> Some weights of BertForMaskedLM were not initialized from the model checkpoint at /lustre/fsmisc/dataset/HuggingFace_Models/bert-large-uncased and are newly initialized: ['cls.predictions.bias', 'cls.predictions.decoder.bias', 'cls.predictions.transform.LayerNorm.bias', 'cls.predictions.transform.LayerNorm.weight', 'cls.predictions.transform.dense.bias', 'cls.predictions.transform.dense.weight']
You should probably TRAIN this model on a down-stream task to be able to use it for predictions and inference.
[rank3]:[W619 16:32:21.344669403 ProcessGroupNCCL.cpp:4115] [PG ID 0 PG GUID 0 Rank 3]  using GPU 3 to perform barrier as devices used by this process are currently unknown. This can potentially cause a hang if this rank to GPU mapping is incorrect.Specify device_ids in barrier() to force use of a particular device,or call init_process_group() with a device_id.
[rank7]:[W619 16:32:21.348800575 ProcessGroupNCCL.cpp:4115] [PG ID 0 PG GUID 0 Rank 7]  using GPU 7 to perform barrier as devices used by this process are currently unknown. This can potentially cause a hang if this rank to GPU mapping is incorrect.Specify device_ids in barrier() to force use of a particular device,or call init_process_group() with a device_id.
Caching processed dataset at /lustre/fswork/projects/rech/ezr/ubq61ty/Perplexity/cache/bert-large-uncased-batch2048-lr1e-4/csv/default-dfadf533d9911a46/0.0.0/9ea1179385ff7ad1e756d327ffccaa3b801175702a2d91528226ba2c66873f52/cache-0067cd5d5a397900_00000_of_00004.arrow
06/19/2025 16:32:22 - INFO - datasets.arrow_dataset - Caching processed dataset at /lustre/fswork/projects/rech/ezr/ubq61ty/Perplexity/cache/bert-large-uncased-batch2048-lr1e-4/csv/default-dfadf533d9911a46/0.0.0/9ea1179385ff7ad1e756d327ffccaa3b801175702a2d91528226ba2c66873f52/cache-0067cd5d5a397900_00000_of_00004.arrow
Caching processed dataset at /lustre/fswork/projects/rech/ezr/ubq61ty/Perplexity/cache/bert-large-uncased-batch2048-lr1e-4/csv/default-dfadf533d9911a46/0.0.0/9ea1179385ff7ad1e756d327ffccaa3b801175702a2d91528226ba2c66873f52/cache-0067cd5d5a397900_00001_of_00004.arrow
06/19/2025 16:32:22 - INFO - datasets.arrow_dataset - Caching processed dataset at /lustre/fswork/projects/rech/ezr/ubq61ty/Perplexity/cache/bert-large-uncased-batch2048-lr1e-4/csv/default-dfadf533d9911a46/0.0.0/9ea1179385ff7ad1e756d327ffccaa3b801175702a2d91528226ba2c66873f52/cache-0067cd5d5a397900_00001_of_00004.arrow
Caching processed dataset at /lustre/fswork/projects/rech/ezr/ubq61ty/Perplexity/cache/bert-large-uncased-batch2048-lr1e-4/csv/default-dfadf533d9911a46/0.0.0/9ea1179385ff7ad1e756d327ffccaa3b801175702a2d91528226ba2c66873f52/cache-0067cd5d5a397900_00003_of_00004.arrow
06/19/2025 16:32:22 - INFO - datasets.arrow_dataset - Caching processed dataset at /lustre/fswork/projects/rech/ezr/ubq61ty/Perplexity/cache/bert-large-uncased-batch2048-lr1e-4/csv/default-dfadf533d9911a46/0.0.0/9ea1179385ff7ad1e756d327ffccaa3b801175702a2d91528226ba2c66873f52/cache-0067cd5d5a397900_00003_of_00004.arrow
Caching processed dataset at /lustre/fswork/projects/rech/ezr/ubq61ty/Perplexity/cache/bert-large-uncased-batch2048-lr1e-4/csv/default-dfadf533d9911a46/0.0.0/9ea1179385ff7ad1e756d327ffccaa3b801175702a2d91528226ba2c66873f52/cache-0067cd5d5a397900_00002_of_00004.arrow
06/19/2025 16:32:22 - INFO - datasets.arrow_dataset - Caching processed dataset at /lustre/fswork/projects/rech/ezr/ubq61ty/Perplexity/cache/bert-large-uncased-batch2048-lr1e-4/csv/default-dfadf533d9911a46/0.0.0/9ea1179385ff7ad1e756d327ffccaa3b801175702a2d91528226ba2c66873f52/cache-0067cd5d5a397900_00002_of_00004.arrow
Running tokenizer on dataset line_by_line (num_proc=4):  25%|â–ˆâ–ˆâ–Œ       | 525/2099 [00:00<00:02, 581.15 examples/s]Done writing 525 examples in 1887298 bytes /lustre/fswork/projects/rech/ezr/ubq61ty/Perplexity/cache/bert-large-uncased-batch2048-lr1e-4/csv/default-dfadf533d9911a46/0.0.0/9ea1179385ff7ad1e756d327ffccaa3b801175702a2d91528226ba2c66873f52/tmpv9nhjy9f.
Done writing 524 examples in 1882746 bytes /lustre/fswork/projects/rech/ezr/ubq61ty/Perplexity/cache/bert-large-uncased-batch2048-lr1e-4/csv/default-dfadf533d9911a46/0.0.0/9ea1179385ff7ad1e756d327ffccaa3b801175702a2d91528226ba2c66873f52/tmpgqv5gqyr.
06/19/2025 16:32:22 - DEBUG - datasets.arrow_writer - Done writing 525 examples in 1887298 bytes /lustre/fswork/projects/rech/ezr/ubq61ty/Perplexity/cache/bert-large-uncased-batch2048-lr1e-4/csv/default-dfadf533d9911a46/0.0.0/9ea1179385ff7ad1e756d327ffccaa3b801175702a2d91528226ba2c66873f52/tmpv9nhjy9f.
06/19/2025 16:32:22 - DEBUG - datasets.arrow_writer - Done writing 524 examples in 1882746 bytes /lustre/fswork/projects/rech/ezr/ubq61ty/Perplexity/cache/bert-large-uncased-batch2048-lr1e-4/csv/default-dfadf533d9911a46/0.0.0/9ea1179385ff7ad1e756d327ffccaa3b801175702a2d91528226ba2c66873f52/tmpgqv5gqyr.
Done writing 525 examples in 1889594 bytes /lustre/fswork/projects/rech/ezr/ubq61ty/Perplexity/cache/bert-large-uncased-batch2048-lr1e-4/csv/default-dfadf533d9911a46/0.0.0/9ea1179385ff7ad1e756d327ffccaa3b801175702a2d91528226ba2c66873f52/tmp9x4kqb71.
06/19/2025 16:32:22 - DEBUG - datasets.arrow_writer - Done writing 525 examples in 1889594 bytes /lustre/fswork/projects/rech/ezr/ubq61ty/Perplexity/cache/bert-large-uncased-batch2048-lr1e-4/csv/default-dfadf533d9911a46/0.0.0/9ea1179385ff7ad1e756d327ffccaa3b801175702a2d91528226ba2c66873f52/tmp9x4kqb71.
Done writing 525 examples in 1882853 bytes /lustre/fswork/projects/rech/ezr/ubq61ty/Perplexity/cache/bert-large-uncased-batch2048-lr1e-4/csv/default-dfadf533d9911a46/0.0.0/9ea1179385ff7ad1e756d327ffccaa3b801175702a2d91528226ba2c66873f52/tmpcm_dxnv9.
06/19/2025 16:32:22 - DEBUG - datasets.arrow_writer - Done writing 525 examples in 1882853 bytes /lustre/fswork/projects/rech/ezr/ubq61ty/Perplexity/cache/bert-large-uncased-batch2048-lr1e-4/csv/default-dfadf533d9911a46/0.0.0/9ea1179385ff7ad1e756d327ffccaa3b801175702a2d91528226ba2c66873f52/tmpcm_dxnv9.
Finished processing shard number 3 of 4.
06/19/2025 16:32:22 - DEBUG - datasets.arrow_dataset - Finished processing shard number 3 of 4.
Finished processing shard number 1 of 4.
06/19/2025 16:32:22 - DEBUG - datasets.arrow_dataset - Finished processing shard number 1 of 4.
Finished processing shard number 2 of 4.
06/19/2025 16:32:22 - DEBUG - datasets.arrow_dataset - Finished processing shard number 2 of 4.
Finished processing shard number 0 of 4.
06/19/2025 16:32:22 - DEBUG - datasets.arrow_dataset - Finished processing shard number 0 of 4.
Running tokenizer on dataset line_by_line (num_proc=4): 100%|â–ˆâ–ˆâ–ˆâ–ˆâ–ˆâ–ˆâ–ˆâ–ˆâ–ˆâ–ˆ| 2099/2099 [00:01<00:00, 2097.59 examples/s]
Concatenating 4 shards
06/19/2025 16:32:22 - INFO - datasets.arrow_dataset - Concatenating 4 shards
Set __getitem__(key) output type to python objects for ['input_ids', 'token_type_ids', 'attention_mask', 'special_tokens_mask'] columns  (when key is int or slice) and don't output other (un-formatted) columns.
06/19/2025 16:32:22 - DEBUG - datasets.arrow_dataset - Set __getitem__(key) output type to python objects for ['input_ids', 'token_type_ids', 'attention_mask', 'special_tokens_mask'] columns  (when key is int or slice) and don't output other (un-formatted) columns.
Set __getitem__(key) output type to python objects for no columns  (when key is int or slice) and don't output other (un-formatted) columns.
06/19/2025 16:32:22 - DEBUG - datasets.arrow_dataset - Set __getitem__(key) output type to python objects for no columns  (when key is int or slice) and don't output other (un-formatted) columns.
Process #0 will write at /lustre/fswork/projects/rech/ezr/ubq61ty/Perplexity/cache/bert-large-uncased-batch2048-lr1e-4/csv/default-dfadf533d9911a46/0.0.0/9ea1179385ff7ad1e756d327ffccaa3b801175702a2d91528226ba2c66873f52/cache-59af07901cf85cf5_00000_of_00004.arrow
06/19/2025 16:32:22 - INFO - datasets.arrow_dataset - Process #0 will write at /lustre/fswork/projects/rech/ezr/ubq61ty/Perplexity/cache/bert-large-uncased-batch2048-lr1e-4/csv/default-dfadf533d9911a46/0.0.0/9ea1179385ff7ad1e756d327ffccaa3b801175702a2d91528226ba2c66873f52/cache-59af07901cf85cf5_00000_of_00004.arrow
Process #1 will write at /lustre/fswork/projects/rech/ezr/ubq61ty/Perplexity/cache/bert-large-uncased-batch2048-lr1e-4/csv/default-dfadf533d9911a46/0.0.0/9ea1179385ff7ad1e756d327ffccaa3b801175702a2d91528226ba2c66873f52/cache-59af07901cf85cf5_00001_of_00004.arrow
06/19/2025 16:32:22 - INFO - datasets.arrow_dataset - Process #1 will write at /lustre/fswork/projects/rech/ezr/ubq61ty/Perplexity/cache/bert-large-uncased-batch2048-lr1e-4/csv/default-dfadf533d9911a46/0.0.0/9ea1179385ff7ad1e756d327ffccaa3b801175702a2d91528226ba2c66873f52/cache-59af07901cf85cf5_00001_of_00004.arrow
Process #2 will write at /lustre/fswork/projects/rech/ezr/ubq61ty/Perplexity/cache/bert-large-uncased-batch2048-lr1e-4/csv/default-dfadf533d9911a46/0.0.0/9ea1179385ff7ad1e756d327ffccaa3b801175702a2d91528226ba2c66873f52/cache-59af07901cf85cf5_00002_of_00004.arrow
06/19/2025 16:32:22 - INFO - datasets.arrow_dataset - Process #2 will write at /lustre/fswork/projects/rech/ezr/ubq61ty/Perplexity/cache/bert-large-uncased-batch2048-lr1e-4/csv/default-dfadf533d9911a46/0.0.0/9ea1179385ff7ad1e756d327ffccaa3b801175702a2d91528226ba2c66873f52/cache-59af07901cf85cf5_00002_of_00004.arrow
Process #3 will write at /lustre/fswork/projects/rech/ezr/ubq61ty/Perplexity/cache/bert-large-uncased-batch2048-lr1e-4/csv/default-dfadf533d9911a46/0.0.0/9ea1179385ff7ad1e756d327ffccaa3b801175702a2d91528226ba2c66873f52/cache-59af07901cf85cf5_00003_of_00004.arrow
06/19/2025 16:32:22 - INFO - datasets.arrow_dataset - Process #3 will write at /lustre/fswork/projects/rech/ezr/ubq61ty/Perplexity/cache/bert-large-uncased-batch2048-lr1e-4/csv/default-dfadf533d9911a46/0.0.0/9ea1179385ff7ad1e756d327ffccaa3b801175702a2d91528226ba2c66873f52/cache-59af07901cf85cf5_00003_of_00004.arrow
Spawning 4 processes
06/19/2025 16:32:22 - INFO - datasets.arrow_dataset - Spawning 4 processes
Running tokenizer on dataset line_by_line (num_proc=4):   0%|          | 0/2099 [00:00<?, ? examples/s]Set __getitem__(key) output type to arrow for no columns  (when key is int or slice) and don't output other (un-formatted) columns.
06/19/2025 16:32:22 - DEBUG - datasets.arrow_dataset - Set __getitem__(key) output type to arrow for no columns  (when key is int or slice) and don't output other (un-formatted) columns.
Set __getitem__(key) output type to arrow for no columns  (when key is int or slice) and don't output other (un-formatted) columns.
06/19/2025 16:32:22 - DEBUG - datasets.arrow_dataset - Set __getitem__(key) output type to arrow for no columns  (when key is int or slice) and don't output other (un-formatted) columns.
Set __getitem__(key) output type to arrow for no columns  (when key is int or slice) and don't output other (un-formatted) columns.
06/19/2025 16:32:22 - DEBUG - datasets.arrow_dataset - Set __getitem__(key) output type to arrow for no columns  (when key is int or slice) and don't output other (un-formatted) columns.
Set __getitem__(key) output type to arrow for no columns  (when key is int or slice) and don't output other (un-formatted) columns.
06/19/2025 16:32:22 - DEBUG - datasets.arrow_dataset - Set __getitem__(key) output type to arrow for no columns  (when key is int or slice) and don't output other (un-formatted) columns.
Caching processed dataset at /lustre/fswork/projects/rech/ezr/ubq61ty/Perplexity/cache/bert-large-uncased-batch2048-lr1e-4/csv/default-dfadf533d9911a46/0.0.0/9ea1179385ff7ad1e756d327ffccaa3b801175702a2d91528226ba2c66873f52/cache-59af07901cf85cf5_00000_of_00004.arrow
06/19/2025 16:32:23 - INFO - datasets.arrow_dataset - Caching processed dataset at /lustre/fswork/projects/rech/ezr/ubq61ty/Perplexity/cache/bert-large-uncased-batch2048-lr1e-4/csv/default-dfadf533d9911a46/0.0.0/9ea1179385ff7ad1e756d327ffccaa3b801175702a2d91528226ba2c66873f52/cache-59af07901cf85cf5_00000_of_00004.arrow
Caching processed dataset at /lustre/fswork/projects/rech/ezr/ubq61ty/Perplexity/cache/bert-large-uncased-batch2048-lr1e-4/csv/default-dfadf533d9911a46/0.0.0/9ea1179385ff7ad1e756d327ffccaa3b801175702a2d91528226ba2c66873f52/cache-59af07901cf85cf5_00003_of_00004.arrow
06/19/2025 16:32:23 - INFO - datasets.arrow_dataset - Caching processed dataset at /lustre/fswork/projects/rech/ezr/ubq61ty/Perplexity/cache/bert-large-uncased-batch2048-lr1e-4/csv/default-dfadf533d9911a46/0.0.0/9ea1179385ff7ad1e756d327ffccaa3b801175702a2d91528226ba2c66873f52/cache-59af07901cf85cf5_00003_of_00004.arrow
Caching processed dataset at /lustre/fswork/projects/rech/ezr/ubq61ty/Perplexity/cache/bert-large-uncased-batch2048-lr1e-4/csv/default-dfadf533d9911a46/0.0.0/9ea1179385ff7ad1e756d327ffccaa3b801175702a2d91528226ba2c66873f52/cache-59af07901cf85cf5_00001_of_00004.arrow
06/19/2025 16:32:23 - INFO - datasets.arrow_dataset - Caching processed dataset at /lustre/fswork/projects/rech/ezr/ubq61ty/Perplexity/cache/bert-large-uncased-batch2048-lr1e-4/csv/default-dfadf533d9911a46/0.0.0/9ea1179385ff7ad1e756d327ffccaa3b801175702a2d91528226ba2c66873f52/cache-59af07901cf85cf5_00001_of_00004.arrow
Caching processed dataset at /lustre/fswork/projects/rech/ezr/ubq61ty/Perplexity/cache/bert-large-uncased-batch2048-lr1e-4/csv/default-dfadf533d9911a46/0.0.0/9ea1179385ff7ad1e756d327ffccaa3b801175702a2d91528226ba2c66873f52/cache-59af07901cf85cf5_00002_of_00004.arrow
06/19/2025 16:32:23 - INFO - datasets.arrow_dataset - Caching processed dataset at /lustre/fswork/projects/rech/ezr/ubq61ty/Perplexity/cache/bert-large-uncased-batch2048-lr1e-4/csv/default-dfadf533d9911a46/0.0.0/9ea1179385ff7ad1e756d327ffccaa3b801175702a2d91528226ba2c66873f52/cache-59af07901cf85cf5_00002_of_00004.arrow
Running tokenizer on dataset line_by_line (num_proc=4):  25%|â–ˆâ–ˆâ–Œ       | 525/2099 [00:00<00:02, 600.74 examples/s]Done writing 525 examples in 1882853 bytes /lustre/fswork/projects/rech/ezr/ubq61ty/Perplexity/cache/bert-large-uncased-batch2048-lr1e-4/csv/default-dfadf533d9911a46/0.0.0/9ea1179385ff7ad1e756d327ffccaa3b801175702a2d91528226ba2c66873f52/tmpg6o0jb7a.
06/19/2025 16:32:23 - DEBUG - datasets.arrow_writer - Done writing 525 examples in 1882853 bytes /lustre/fswork/projects/rech/ezr/ubq61ty/Perplexity/cache/bert-large-uncased-batch2048-lr1e-4/csv/default-dfadf533d9911a46/0.0.0/9ea1179385ff7ad1e756d327ffccaa3b801175702a2d91528226ba2c66873f52/tmpg6o0jb7a.
Done writing 525 examples in 1887298 bytes /lustre/fswork/projects/rech/ezr/ubq61ty/Perplexity/cache/bert-large-uncased-batch2048-lr1e-4/csv/default-dfadf533d9911a46/0.0.0/9ea1179385ff7ad1e756d327ffccaa3b801175702a2d91528226ba2c66873f52/tmpztkf504v.
06/19/2025 16:32:23 - DEBUG - datasets.arrow_writer - Done writing 525 examples in 1887298 bytes /lustre/fswork/projects/rech/ezr/ubq61ty/Perplexity/cache/bert-large-uncased-batch2048-lr1e-4/csv/default-dfadf533d9911a46/0.0.0/9ea1179385ff7ad1e756d327ffccaa3b801175702a2d91528226ba2c66873f52/tmpztkf504v.
Done writing 524 examples in 1882746 bytes /lustre/fswork/projects/rech/ezr/ubq61ty/Perplexity/cache/bert-large-uncased-batch2048-lr1e-4/csv/default-dfadf533d9911a46/0.0.0/9ea1179385ff7ad1e756d327ffccaa3b801175702a2d91528226ba2c66873f52/tmpgfpyf4kc.
06/19/2025 16:32:23 - DEBUG - datasets.arrow_writer - Done writing 524 examples in 1882746 bytes /lustre/fswork/projects/rech/ezr/ubq61ty/Perplexity/cache/bert-large-uncased-batch2048-lr1e-4/csv/default-dfadf533d9911a46/0.0.0/9ea1179385ff7ad1e756d327ffccaa3b801175702a2d91528226ba2c66873f52/tmpgfpyf4kc.
Done writing 525 examples in 1889594 bytes /lustre/fswork/projects/rech/ezr/ubq61ty/Perplexity/cache/bert-large-uncased-batch2048-lr1e-4/csv/default-dfadf533d9911a46/0.0.0/9ea1179385ff7ad1e756d327ffccaa3b801175702a2d91528226ba2c66873f52/tmpructobek.
06/19/2025 16:32:23 - DEBUG - datasets.arrow_writer - Done writing 525 examples in 1889594 bytes /lustre/fswork/projects/rech/ezr/ubq61ty/Perplexity/cache/bert-large-uncased-batch2048-lr1e-4/csv/default-dfadf533d9911a46/0.0.0/9ea1179385ff7ad1e756d327ffccaa3b801175702a2d91528226ba2c66873f52/tmpructobek.
Finished processing shard number 0 of 4.
06/19/2025 16:32:23 - DEBUG - datasets.arrow_dataset - Finished processing shard number 0 of 4.
Finished processing shard number 1 of 4.
06/19/2025 16:32:23 - DEBUG - datasets.arrow_dataset - Finished processing shard number 1 of 4.
Finished processing shard number 2 of 4.
06/19/2025 16:32:23 - DEBUG - datasets.arrow_dataset - Finished processing shard number 2 of 4.
Finished processing shard number 3 of 4.
06/19/2025 16:32:23 - DEBUG - datasets.arrow_dataset - Finished processing shard number 3 of 4.
Running tokenizer on dataset line_by_line (num_proc=4): 100%|â–ˆâ–ˆâ–ˆâ–ˆâ–ˆâ–ˆâ–ˆâ–ˆâ–ˆâ–ˆ| 2099/2099 [00:00<00:00, 2154.32 examples/s]
Concatenating 4 shards
06/19/2025 16:32:23 - INFO - datasets.arrow_dataset - Concatenating 4 shards
Set __getitem__(key) output type to python objects for ['input_ids', 'token_type_ids', 'attention_mask', 'special_tokens_mask'] columns  (when key is int or slice) and don't output other (un-formatted) columns.
06/19/2025 16:32:23 - DEBUG - datasets.arrow_dataset - Set __getitem__(key) output type to python objects for ['input_ids', 'token_type_ids', 'attention_mask', 'special_tokens_mask'] columns  (when key is int or slice) and don't output other (un-formatted) columns.
Set __getitem__(key) output type to python objects for no columns  (when key is int or slice) and don't output other (un-formatted) columns.
06/19/2025 16:32:23 - DEBUG - datasets.arrow_dataset - Set __getitem__(key) output type to python objects for no columns  (when key is int or slice) and don't output other (un-formatted) columns.
[DEBUG|training_args.py:2483] 2025-06-19 16:32:23,539 >> 0: main local process completed dataset map tokenization, releasing all replicas
[rank0]:[W619 16:32:23.514544732 ProcessGroupNCCL.cpp:4115] [PG ID 0 PG GUID 0 Rank 0]  using GPU 0 to perform barrier as devices used by this process are currently unknown. This can potentially cause a hang if this rank to GPU mapping is incorrect.Specify device_ids in barrier() to force use of a particular device,or call init_process_group() with a device_id.
Running tokenizer on dataset line_by_line (num_proc=4):   0%|          | 0/2099 [00:00<?, ? examples/s]Running tokenizer on dataset line_by_line (num_proc=4):   0%|          | 0/2099 [00:00<?, ? examples/s]Running tokenizer on dataset line_by_line (num_proc=4):   0%|          | 0/2099 [00:00<?, ? examples/s]Running tokenizer on dataset line_by_line (num_proc=4):   0%|          | 0/2099 [00:00<?, ? examples/s]Running tokenizer on dataset line_by_line (num_proc=4):   0%|          | 0/2099 [00:00<?, ? examples/s]Running tokenizer on dataset line_by_line (num_proc=4):   0%|          | 0/2099 [00:00<?, ? examples/s]Running tokenizer on dataset line_by_line (num_proc=4):   0%|          | 0/2099 [00:00<?, ? examples/s]Running tokenizer on dataset line_by_line (num_proc=4):  25%|â–ˆâ–ˆâ–Œ       | 525/2099 [00:00<00:02, 711.57 examples/s]Running tokenizer on dataset line_by_line (num_proc=4):  25%|â–ˆâ–ˆâ–Œ       | 525/2099 [00:00<00:02, 704.69 examples/s]Running tokenizer on dataset line_by_line (num_proc=4):  25%|â–ˆâ–ˆâ–Œ       | 525/2099 [00:00<00:02, 691.94 examples/s]Running tokenizer on dataset line_by_line (num_proc=4):  25%|â–ˆâ–ˆâ–Œ       | 525/2099 [00:00<00:02, 686.61 examples/s]Running tokenizer on dataset line_by_line (num_proc=4):  25%|â–ˆâ–ˆâ–Œ       | 525/2099 [00:00<00:02, 697.14 examples/s]Running tokenizer on dataset line_by_line (num_proc=4):  25%|â–ˆâ–ˆâ–Œ       | 525/2099 [00:00<00:02, 688.83 examples/s]Running tokenizer on dataset line_by_line (num_proc=4):  25%|â–ˆâ–ˆâ–Œ       | 525/2099 [00:00<00:02, 669.87 examples/s]Running tokenizer on dataset line_by_line (num_proc=4): 100%|â–ˆâ–ˆâ–ˆâ–ˆâ–ˆâ–ˆâ–ˆâ–ˆâ–ˆâ–ˆ| 2099/2099 [00:00<00:00, 2487.18 examples/s]
Running tokenizer on dataset line_by_line (num_proc=4): 100%|â–ˆâ–ˆâ–ˆâ–ˆâ–ˆâ–ˆâ–ˆâ–ˆâ–ˆâ–ˆ| 2099/2099 [00:00<00:00, 2493.33 examples/s]
Running tokenizer on dataset line_by_line (num_proc=4): 100%|â–ˆâ–ˆâ–ˆâ–ˆâ–ˆâ–ˆâ–ˆâ–ˆâ–ˆâ–ˆ| 2099/2099 [00:00<00:00, 2401.24 examples/s]
Running tokenizer on dataset line_by_line (num_proc=4): 100%|â–ˆâ–ˆâ–ˆâ–ˆâ–ˆâ–ˆâ–ˆâ–ˆâ–ˆâ–ˆ| 2099/2099 [00:00<00:00, 2425.43 examples/s]
Running tokenizer on dataset line_by_line (num_proc=4): 100%|â–ˆâ–ˆâ–ˆâ–ˆâ–ˆâ–ˆâ–ˆâ–ˆâ–ˆâ–ˆ| 2099/2099 [00:00<00:00, 2437.46 examples/s]
Running tokenizer on dataset line_by_line (num_proc=4): 100%|â–ˆâ–ˆâ–ˆâ–ˆâ–ˆâ–ˆâ–ˆâ–ˆâ–ˆâ–ˆ| 2099/2099 [00:00<00:00, 2359.35 examples/s]
Running tokenizer on dataset line_by_line (num_proc=4): 100%|â–ˆâ–ˆâ–ˆâ–ˆâ–ˆâ–ˆâ–ˆâ–ˆâ–ˆâ–ˆ| 2099/2099 [00:00<00:00, 2370.91 examples/s]
Running tokenizer on dataset line_by_line (num_proc=4):   0%|          | 0/2099 [00:00<?, ? examples/s]Running tokenizer on dataset line_by_line (num_proc=4):   0%|          | 0/2099 [00:00<?, ? examples/s]Running tokenizer on dataset line_by_line (num_proc=4):   0%|          | 0/2099 [00:00<?, ? examples/s]Running tokenizer on dataset line_by_line (num_proc=4):   0%|          | 0/2099 [00:00<?, ? examples/s]Running tokenizer on dataset line_by_line (num_proc=4):   0%|          | 0/2099 [00:00<?, ? examples/s]Running tokenizer on dataset line_by_line (num_proc=4):   0%|          | 0/2099 [00:00<?, ? examples/s]Running tokenizer on dataset line_by_line (num_proc=4):   0%|          | 0/2099 [00:00<?, ? examples/s][2025-06-19 16:32:27,233] [INFO] [real_accelerator.py:222:get_accelerator] Setting ds_accelerator to cuda (auto detect)
Running tokenizer on dataset line_by_line (num_proc=4):  25%|â–ˆâ–ˆâ–Œ       | 525/2099 [00:00<00:02, 722.10 examples/s]Running tokenizer on dataset line_by_line (num_proc=4):  25%|â–ˆâ–ˆâ–Œ       | 525/2099 [00:00<00:02, 734.70 examples/s]Running tokenizer on dataset line_by_line (num_proc=4):  25%|â–ˆâ–ˆâ–Œ       | 525/2099 [00:00<00:02, 718.05 examples/s]Running tokenizer on dataset line_by_line (num_proc=4):  25%|â–ˆâ–ˆâ–Œ       | 525/2099 [00:00<00:02, 723.88 examples/s]Running tokenizer on dataset line_by_line (num_proc=4):  25%|â–ˆâ–ˆâ–Œ       | 525/2099 [00:00<00:02, 721.24 examples/s]Running tokenizer on dataset line_by_line (num_proc=4):  25%|â–ˆâ–ˆâ–Œ       | 525/2099 [00:00<00:02, 713.06 examples/s]Running tokenizer on dataset line_by_line (num_proc=4):  25%|â–ˆâ–ˆâ–       | 524/2099 [00:00<00:02, 715.57 examples/s]Running tokenizer on dataset line_by_line (num_proc=4): 100%|â–ˆâ–ˆâ–ˆâ–ˆâ–ˆâ–ˆâ–ˆâ–ˆâ–ˆâ–ˆ| 2099/2099 [00:00<00:00, 2525.84 examples/s]
Running tokenizer on dataset line_by_line (num_proc=4): 100%|â–ˆâ–ˆâ–ˆâ–ˆâ–ˆâ–ˆâ–ˆâ–ˆâ–ˆâ–ˆ| 2099/2099 [00:00<00:00, 2523.04 examples/s]
Running tokenizer on dataset line_by_line (num_proc=4): 100%|â–ˆâ–ˆâ–ˆâ–ˆâ–ˆâ–ˆâ–ˆâ–ˆâ–ˆâ–ˆ| 2099/2099 [00:00<00:00, 2546.46 examples/s]
Running tokenizer on dataset line_by_line (num_proc=4): 100%|â–ˆâ–ˆâ–ˆâ–ˆâ–ˆâ–ˆâ–ˆâ–ˆâ–ˆâ–ˆ| 2099/2099 [00:00<00:00, 2511.20 examples/s]
Running tokenizer on dataset line_by_line (num_proc=4): 100%|â–ˆâ–ˆâ–ˆâ–ˆâ–ˆâ–ˆâ–ˆâ–ˆâ–ˆâ–ˆ| 2099/2099 [00:00<00:00, 2477.64 examples/s]
Running tokenizer on dataset line_by_line (num_proc=4): 100%|â–ˆâ–ˆâ–ˆâ–ˆâ–ˆâ–ˆâ–ˆâ–ˆâ–ˆâ–ˆ| 2099/2099 [00:00<00:00, 2490.68 examples/s]
Running tokenizer on dataset line_by_line (num_proc=4): 100%|â–ˆâ–ˆâ–ˆâ–ˆâ–ˆâ–ˆâ–ˆâ–ˆâ–ˆâ–ˆ| 2099/2099 [00:00<00:00, 2354.06 examples/s]
[2025-06-19 16:32:30,547] [INFO] [real_accelerator.py:222:get_accelerator] Setting ds_accelerator to cuda (auto detect)
[2025-06-19 16:32:30,665] [INFO] [real_accelerator.py:222:get_accelerator] Setting ds_accelerator to cuda (auto detect)
[2025-06-19 16:32:30,728] [INFO] [real_accelerator.py:222:get_accelerator] Setting ds_accelerator to cuda (auto detect)
[INFO|trainer.py:695] 2025-06-19 16:32:30,728 >> max_steps is given, it will override any value given in num_train_epochs
[INFO|trainer.py:745] 2025-06-19 16:32:30,728 >> Using auto half precision backend
06/19/2025 16:32:30 - INFO - __main__ - *** Evaluate ***
[INFO|trainer.py:921] 2025-06-19 16:32:30,729 >> The following columns in the evaluation set don't have a corresponding argument in `BertForMaskedLM.forward` and have been ignored: special_tokens_mask. If special_tokens_mask are not expected by `BertForMaskedLM.forward`,  you can safely ignore this message.
[INFO|trainer.py:4244] 2025-06-19 16:32:30,741 >> 
***** Running Evaluation *****
[INFO|trainer.py:4246] 2025-06-19 16:32:30,741 >>   Num examples = 2099
[INFO|trainer.py:4249] 2025-06-19 16:32:30,741 >>   Batch size = 64
[2025-06-19 16:32:30,760] [INFO] [real_accelerator.py:222:get_accelerator] Setting ds_accelerator to cuda (auto detect)
[2025-06-19 16:32:30,849] [INFO] [real_accelerator.py:222:get_accelerator] Setting ds_accelerator to cuda (auto detect)
[2025-06-19 16:32:30,850] [INFO] [real_accelerator.py:222:get_accelerator] Setting ds_accelerator to cuda (auto detect)
[2025-06-19 16:32:30,861] [INFO] [real_accelerator.py:222:get_accelerator] Setting ds_accelerator to cuda (auto detect)
  0%|          | 0/5 [00:00<?, ?it/s] 40%|â–ˆâ–ˆâ–ˆâ–ˆ      | 2/5 [00:00<00:00, 10.02it/s] 80%|â–ˆâ–ˆâ–ˆâ–ˆâ–ˆâ–ˆâ–ˆâ–ˆ  | 4/5 [00:00<00:00,  6.09it/s]100%|â–ˆâ–ˆâ–ˆâ–ˆâ–ˆâ–ˆâ–ˆâ–ˆâ–ˆâ–ˆ| 5/5 [00:00<00:00,  5.18it/s]Done writing 161245 examples in 1289960 bytes /lustre/fswork/projects/rech/ezr/ubq61ty/Perplexity/cache/bert-large-uncased-batch2048-lr1e-4/accuracy/default/default_experiment-72f1e66f-aa42-418f-8fac-4d22ef631f7d-1-0.arrow.
06/19/2025 16:32:38 - DEBUG - datasets.arrow_writer - Done writing 161245 examples in 1289960 bytes /lustre/fswork/projects/rech/ezr/ubq61ty/Perplexity/cache/bert-large-uncased-batch2048-lr1e-4/accuracy/default/default_experiment-72f1e66f-aa42-418f-8fac-4d22ef631f7d-1-0.arrow.
Set __getitem__(key) output type to python objects for no columns  (when key is int or slice) and don't output other (un-formatted) columns.
06/19/2025 16:32:38 - DEBUG - datasets.arrow_dataset - Set __getitem__(key) output type to python objects for no columns  (when key is int or slice) and don't output other (un-formatted) columns.
[INFO|integration_utils.py:817] 2025-06-19 16:32:38,235 >> Automatic Weights & Biases logging enabled, to disable set os.environ["WANDB_DISABLED"] = "true"
100%|â–ˆâ–ˆâ–ˆâ–ˆâ–ˆâ–ˆâ–ˆâ–ˆâ–ˆâ–ˆ| 5/5 [00:02<00:00,  2.01it/s]
***** eval metrics *****
  eval_accuracy               =        0.0
  eval_loss                   =    10.5274
  eval_model_preparation_time =     0.0049
  eval_runtime                = 0:00:07.49
  eval_samples                =       2099
  eval_samples_per_second     =    279.988
  eval_steps_per_second       =      0.667
  perplexity                  = 37326.0498
[INFO|modelcard.py:449] 2025-06-19 16:32:38,248 >> Dropping the following result as it does not have all the necessary fields:
{'task': {'name': 'Masked Language Modeling', 'type': 'fill-mask'}}
[rank0]:[W619 16:32:38.565645345 ProcessGroupNCCL.cpp:1250] Warning: WARNING: process group has NOT been destroyed before we destruct ProcessGroupNCCL. On normal program exit, the application should call destroy_process_group to ensure that any pending NCCL operations have finished in this process. In rare cases this process can exit before this point and block the progress of another member of the process group. This constraint has always been present,  but this warning has only been added since PyTorch 2.4 (function operator())
